#
# There is insufficient memory for the Java Runtime Environment to continue.
# Native memory allocation (mmap) failed to map 1933312 bytes. Error detail: G1 virtual space
# Possible reasons:
#   The system is out of physical RAM or swap space
#   This process is running with CompressedOops enabled, and the Java Heap may be blocking the growth of the native heap
# Possible solutions:
#   Reduce memory load on the system
#   Increase physical memory or swap space
#   Check if swap backing store is full
#   Decrease Java heap size (-Xmx/-Xms)
#   Decrease number of Java threads
#   Decrease Java thread stack sizes (-Xss)
#   Set larger code cache with -XX:ReservedCodeCacheSize=
#   JVM is running with Unscaled Compressed Oops mode in which the Java heap is
#     placed in the first 4GB address space. The Java Heap base address is the
#     maximum limit for the native heap growth. Please use -XX:HeapBaseMinAddress
#     to set the Java Heap base and to place the Java Heap above 4GB virtual address.
# This output file may be truncated or incomplete.
#
#  Out of Memory Error (os_windows.cpp:3713), pid=23492, tid=23708
#
# JRE version:  (21.0.8+9) (build )
# Java VM: OpenJDK 64-Bit Server VM (21.0.8+9-LTS, mixed mode, sharing, tiered, compressed oops, compressed class ptrs, g1 gc, windows-amd64)
# No core dump will be written. Minidumps are not enabled by default on client versions of Windows
#

---------------  S U M M A R Y ------------

Command Line: C:\Users\yaduv\AppData\Local\Temp\surefire7323967013808891392\surefirebooter-20260512115121836_3.jar C:\Users\yaduv\AppData\Local\Temp\surefire7323967013808891392 2026-05-12T11-51-21_555-jvmRun1 surefire-20260512115121836_1tmp surefire_0-20260512115121836_2tmp

Host: AMD Ryzen 5 5625U with Radeon Graphics         , 12 cores, 7G,  Windows 11 , 64 bit Build 26100 (10.0.26100.8328)
Time: Tue May 12 11:51:22 2026 India Standard Time elapsed time: 0.024585 seconds (0d 0h 0m 0s)

---------------  T H R E A D  ---------------

Current thread (0x0000020244f09f40):  JavaThread "Unknown thread" [_thread_in_vm, id=23708, stack(0x000000bda3600000,0x000000bda3700000) (1024K)]

Stack: [0x000000bda3600000,0x000000bda3700000]
Native frames: (J=compiled Java code, j=interpreted, Vv=VM code, C=native code)
V  [jvm.dll+0x6d2449]
V  [jvm.dll+0x8ae341]
V  [jvm.dll+0x8b08be]
V  [jvm.dll+0x8b0fa3]
V  [jvm.dll+0x280c96]
V  [jvm.dll+0x6cec15]
V  [jvm.dll+0x6c2c3a]
V  [jvm.dll+0x35867a]
V  [jvm.dll+0x360246]
V  [jvm.dll+0x3b1fb3]
V  [jvm.dll+0x3b2248]
V  [jvm.dll+0x32c8fc]
V  [jvm.dll+0x32d45b]
V  [jvm.dll+0x8775d9]
V  [jvm.dll+0x3bed71]
V  [jvm.dll+0x8605d3]
V  [jvm.dll+0x4530ee]
V  [jvm.dll+0x454d31]
C  [jli.dll+0x5278]
C  [ucrtbase.dll+0x37b0]
C  [KERNEL32.DLL+0x2e957]
C  [ntdll.dll+0x427c]


---------------  P R O C E S S  ---------------

Threads class SMR info:
_java_thread_list=0x00007ffa8e6411c8, length=0, elements={
}

Java Threads: ( => current thread )
Total: 0

Other Threads:
  0x0000020244f5fbc0 WorkerThread "GC Thread#0"                     [id=14592, stack(0x000000bda3700000,0x000000bda3800000) (1024K)]
  0x0000020244f71bb0 ConcurrentGCThread "G1 Main Marker"            [id=26748, stack(0x000000bda3800000,0x000000bda3900000) (1024K)]
  0x0000020244f73080 WorkerThread "G1 Conc#0"                       [id=13636, stack(0x000000bda3900000,0x000000bda3a00000) (1024K)]

[error occurred during error reporting (printing all threads), id 0xc0000005, EXCEPTION_ACCESS_VIOLATION (0xc0000005) at pc=0x00007ffa8dd3f137]
VM state: not at safepoint (not fully initialized)

VM Mutex/Monitor currently owned by a thread:  ([mutex/lock_event])
[0x00007ffa8e6b5558] Heap_lock - owner thread: 0x0000020244f09f40

Heap address: 0x000000008a600000, size: 1882 MB, Compressed Oops mode: 32-bit

CDS archive(s) mapped at: [0x0000000000000000-0x0000000000000000-0x0000000000000000), size 0, SharedBaseAddress: 0x0000000800000000, ArchiveRelocationMode: 1.
Narrow klass base: 0x0000000000000000, Narrow klass shift: 0, Narrow klass range: 0x0

GC Precious Log:
 CardTable entry size: 512
 Card Set container configuration: InlinePtr #cards 5 size 8 Array Of Cards #cards 12 size 40 Howl #buckets 4 coarsen threshold 1843 Howl Bitmap #cards 512 size 80 coarsen threshold 460 Card regions per heap region 1 cards per card region 2048

Heap:
 garbage-first heap   total 0K, used 0K [0x000000008a600000, 0x0000000100000000)
  region size 1024K, 0 young (0K), 0 survivors (0K)

[error occurred during error reporting (printing heap information), id 0xc0000005, EXCEPTION_ACCESS_VIOLATION (0xc0000005) at pc=0x00007ffa8e12bba9]
GC Heap History (0 events):
No events

Dll operation events (1 events):
Event: 0.016 Loaded shared library C:\Users\yaduv\Downloads\eclipse-java-2025-09-R-win32-x86_64\eclipse\plugins\org.eclipse.justj.openjdk.hotspot.jre.full.win32.x86_64_21.0.8.v20250724-1412\jre\bin\java.dll

Deoptimization events (0 events):
No events

Classes loaded (0 events):
No events

Classes unloaded (0 events):
No events

Classes redefined (0 events):
No events

Internal exceptions (0 events):
No events

ZGC Phase Switch (0 events):
No events

VM Operations (0 events):
No events

Memory protections (0 events):
No events

Nmethod flushes (0 events):
No events

Events (0 events):
No events


Dynamic libraries:
0x00007ff62b9c0000 - 0x00007ff62b9ce000 	C:\Users\yaduv\Downloads\eclipse-java-2025-09-R-win32-x86_64\eclipse\plugins\org.eclipse.justj.openjdk.hotspot.jre.full.win32.x86_64_21.0.8.v20250724-1412\jre\bin\java.exe
0x00007ffb83aa0000 - 0x00007ffb83d07000 	C:\WINDOWS\SYSTEM32\ntdll.dll
0x00007ffb82f40000 - 0x00007ffb83009000 	C:\WINDOWS\System32\KERNEL32.DLL
0x00007ffb80620000 - 0x00007ffb80a17000 	C:\WINDOWS\System32\KERNELBASE.dll
0x00007ffb804d0000 - 0x00007ffb8061b000 	C:\WINDOWS\System32\ucrtbase.dll
0x00007ffb60dd0000 - 0x00007ffb60dee000 	C:\Users\yaduv\Downloads\eclipse-java-2025-09-R-win32-x86_64\eclipse\plugins\org.eclipse.justj.openjdk.hotspot.jre.full.win32.x86_64_21.0.8.v20250724-1412\jre\bin\VCRUNTIME140.dll
0x00007ffb60df0000 - 0x00007ffb60e08000 	C:\Users\yaduv\Downloads\eclipse-java-2025-09-R-win32-x86_64\eclipse\plugins\org.eclipse.justj.openjdk.hotspot.jre.full.win32.x86_64_21.0.8.v20250724-1412\jre\bin\jli.dll
0x00007ffb82330000 - 0x00007ffb824f6000 	C:\WINDOWS\System32\USER32.dll
0x00007ffb80b50000 - 0x00007ffb80b77000 	C:\WINDOWS\System32\win32u.dll
0x00007ffb65db0000 - 0x00007ffb66042000 	C:\WINDOWS\WinSxS\amd64_microsoft.windows.common-controls_6595b64144ccf1df_6.0.26100.8328_none_3e08182ce334b678\COMCTL32.dll
0x00007ffb83390000 - 0x00007ffb83439000 	C:\WINDOWS\System32\msvcrt.dll
0x00007ffb834f0000 - 0x00007ffb8351b000 	C:\WINDOWS\System32\GDI32.dll
0x00007ffb80a20000 - 0x00007ffb80b4c000 	C:\WINDOWS\System32\gdi32full.dll
0x00007ffb80b80000 - 0x00007ffb80c23000 	C:\WINDOWS\System32\msvcp_win.dll
0x00007ffb81d30000 - 0x00007ffb81d62000 	C:\WINDOWS\System32\IMM32.DLL
0x00007ffb6a640000 - 0x00007ffb6a64c000 	C:\Users\yaduv\Downloads\eclipse-java-2025-09-R-win32-x86_64\eclipse\plugins\org.eclipse.justj.openjdk.hotspot.jre.full.win32.x86_64_21.0.8.v20250724-1412\jre\bin\vcruntime140_1.dll
0x00007ffb4b8b0000 - 0x00007ffb4b93d000 	C:\Users\yaduv\Downloads\eclipse-java-2025-09-R-win32-x86_64\eclipse\plugins\org.eclipse.justj.openjdk.hotspot.jre.full.win32.x86_64_21.0.8.v20250724-1412\jre\bin\msvcp140.dll
0x00007ffa8da00000 - 0x00007ffa8e797000 	C:\Users\yaduv\Downloads\eclipse-java-2025-09-R-win32-x86_64\eclipse\plugins\org.eclipse.justj.openjdk.hotspot.jre.full.win32.x86_64_21.0.8.v20250724-1412\jre\bin\server\jvm.dll
0x00007ffb81d70000 - 0x00007ffb81e26000 	C:\WINDOWS\System32\ADVAPI32.dll
0x00007ffb83440000 - 0x00007ffb834e7000 	C:\WINDOWS\System32\sechost.dll
0x00007ffb83010000 - 0x00007ffb83128000 	C:\WINDOWS\System32\RPCRT4.dll
0x00007ffb83910000 - 0x00007ffb83990000 	C:\WINDOWS\System32\WS2_32.dll
0x00007ffb80180000 - 0x00007ffb801de000 	C:\WINDOWS\SYSTEM32\POWRPROF.dll
0x00007ffb79a40000 - 0x00007ffb79a76000 	C:\WINDOWS\SYSTEM32\WINMM.dll
0x00007ffb79a80000 - 0x00007ffb79a8b000 	C:\WINDOWS\SYSTEM32\VERSION.dll
0x00007ffb80160000 - 0x00007ffb80174000 	C:\WINDOWS\SYSTEM32\UMPDC.dll
0x00007ffb7f260000 - 0x00007ffb7f27b000 	C:\WINDOWS\SYSTEM32\kernel.appcore.dll
0x00007ffb6a550000 - 0x00007ffb6a55a000 	C:\Users\yaduv\Downloads\eclipse-java-2025-09-R-win32-x86_64\eclipse\plugins\org.eclipse.justj.openjdk.hotspot.jre.full.win32.x86_64_21.0.8.v20250724-1412\jre\bin\jimage.dll
0x00007ffb73350000 - 0x00007ffb73592000 	C:\WINDOWS\SYSTEM32\DBGHELP.DLL
0x00007ffb83520000 - 0x00007ffb838a3000 	C:\WINDOWS\System32\combase.dll
0x00007ffb81a00000 - 0x00007ffb81ad9000 	C:\WINDOWS\System32\OLEAUT32.dll
0x00007ffb66560000 - 0x00007ffb6659b000 	C:\WINDOWS\SYSTEM32\dbgcore.DLL
0x00007ffb81770000 - 0x00007ffb81818000 	C:\WINDOWS\System32\bcryptPrimitives.dll
0x00007ffb54ad0000 - 0x00007ffb54aef000 	C:\Users\yaduv\Downloads\eclipse-java-2025-09-R-win32-x86_64\eclipse\plugins\org.eclipse.justj.openjdk.hotspot.jre.full.win32.x86_64_21.0.8.v20250724-1412\jre\bin\java.dll

JVMTI agents: none

dbghelp: loaded successfully - version: 4.0.5 - missing functions: none
symbol engine: initialized successfully - sym options: 0x614 - pdb path: .;C:\Users\yaduv\Downloads\eclipse-java-2025-09-R-win32-x86_64\eclipse\plugins\org.eclipse.justj.openjdk.hotspot.jre.full.win32.x86_64_21.0.8.v20250724-1412\jre\bin;C:\WINDOWS\SYSTEM32;C:\WINDOWS\WinSxS\amd64_microsoft.windows.common-controls_6595b64144ccf1df_6.0.26100.8328_none_3e08182ce334b678;C:\Users\yaduv\Downloads\eclipse-java-2025-09-R-win32-x86_64\eclipse\plugins\org.eclipse.justj.openjdk.hotspot.jre.full.win32.x86_64_21.0.8.v20250724-1412\jre\bin\server

VM Arguments:
java_command: C:\Users\yaduv\AppData\Local\Temp\surefire7323967013808891392\surefirebooter-20260512115121836_3.jar C:\Users\yaduv\AppData\Local\Temp\surefire7323967013808891392 2026-05-12T11-51-21_555-jvmRun1 surefire-20260512115121836_1tmp surefire_0-20260512115121836_2tmp
java_class_path (initial): C:\Users\yaduv\AppData\Local\Temp\surefire7323967013808891392\surefirebooter-20260512115121836_3.jar
Launcher Type: SUN_STANDARD

[Global flags]
     intx CICompilerCount                          = 4                                         {product} {ergonomic}
     uint ConcGCThreads                            = 3                                         {product} {ergonomic}
     uint G1ConcRefinementThreads                  = 10                                        {product} {ergonomic}
   size_t G1HeapRegionSize                         = 1048576                                   {product} {ergonomic}
    uintx GCDrainStackTargetSize                   = 64                                        {product} {ergonomic}
   size_t InitialHeapSize                          = 123731968                                 {product} {ergonomic}
   size_t MarkStackSize                            = 4194304                                   {product} {ergonomic}
   size_t MaxHeapSize                              = 1973420032                                {product} {ergonomic}
   size_t MinHeapDeltaBytes                        = 1048576                                   {product} {ergonomic}
   size_t MinHeapSize                              = 8388608                                   {product} {ergonomic}
    uintx NonNMethodCodeHeapSize                   = 5839372                                {pd product} {ergonomic}
    uintx NonProfiledCodeHeapSize                  = 122909434                              {pd product} {ergonomic}
    uintx ProfiledCodeHeapSize                     = 122909434                              {pd product} {ergonomic}
    uintx ReservedCodeCacheSize                    = 251658240                              {pd product} {ergonomic}
     bool SegmentedCodeCache                       = true                                      {product} {ergonomic}
   size_t SoftMaxHeapSize                          = 1973420032                             {manageable} {ergonomic}
     bool UseCompressedOops                        = true                           {product lp64_product} {ergonomic}
     bool UseG1GC                                  = true                                      {product} {ergonomic}
     bool UseLargePagesIndividualAllocation        = false                                  {pd product} {ergonomic}

Logging:
Log output configuration:
 #0: stdout all=warning uptime,level,tags foldmultilines=false
 #1: stderr all=off uptime,level,tags foldmultilines=false

Environment Variables:
JAVA_HOME=C:\Program Files\Java\jdk-20
PATH=C:/Users/yaduv/Downloads/eclipse-java-2025-09-R-win32-x86_64/eclipse//plugins/org.eclipse.justj.openjdk.hotspot.jre.full.win32.x86_64_21.0.10.v20260205-0638/jre/bin/server;C:/Users/yaduv/Downloads/eclipse-java-2025-09-R-win32-x86_64/eclipse//plugins/org.eclipse.justj.openjdk.hotspot.jre.full.win32.x86_64_21.0.10.v20260205-0638/jre/bin;C:\Program Files\Common Files\Oracle\Java\javapath;C:\WINDOWS\system32;C:\WINDOWS;C:\WINDOWS\System32\Wbem;C:\WINDOWS\System32\WindowsPowerShell\v1.0\;C:\WINDOWS\System32\OpenSSH\;C:\MinGW\bin;C:\Program Files (x86)\Common Files\Intuit\QBPOSSDKRuntime;C:\Program Files\Java\jdk-20\bin;C:\Program Files\nodejs\;C:\Program Files\Docker\Docker\resources\bin;C:\Program Files\Warp\bin;C:\Program Files\MySQL\MySQL Shell 8.0\bin\;C:\Users\yaduv\AppData\Local\Programs\Python\Python312\Scripts\;C:\Users\yaduv\AppData\Local\Programs\Python\Python312\;C:\Users\yaduv\AppData\Local\Microsoft\WindowsApps;;C:\Users\yaduv\AppData\Local\Programs\Microsoft VS Code\bin;C:\Users\yaduv\AppData\Local\JetBrains\IntelliJ IDEA Community Edition 2023.1.2\bin;;C:\Users\yaduv\AppData\Roaming\npm;C:\Users\yaduv\Downloads\eclipse-java-2025-09-R-win32-x86_64\eclipse;
USERNAME=yaduv
OS=Windows_NT
PROCESSOR_IDENTIFIER=AMD64 Family 25 Model 80 Stepping 0, AuthenticAMD
TMP=C:\Users\yaduv\AppData\Local\Temp
TEMP=C:\Users\yaduv\AppData\Local\Temp




Periodic native trim disabled

---------------  S Y S T E M  ---------------

OS:
 Windows 11 , 64 bit Build 26100 (10.0.26100.8328)
OS uptime: 0 days 20:24 hours
Hyper-V role detected

CPU: total 12 (initial active 12) (12 cores per cpu, 2 threads per core) family 25 model 80 stepping 0 microcode 0xa50000d, cx8, cmov, fxsr, ht, mmx, 3dnowpref, sse, sse2, sse3, ssse3, sse4a, sse4.1, sse4.2, popcnt, lzcnt, tsc, tscinvbit, avx, avx2, aes, erms, clmul, bmi1, bmi2, adx, sha, fma, vzeroupper, clflush, clflushopt, hv, rdtscp, rdpid, fsrm, f16c, cet_ss
Processor Information for processor 0
  Max Mhz: 2301, Current Mhz: 1798, Mhz Limit: 2301
Processor Information for processor 1
  Max Mhz: 2301, Current Mhz: 1798, Mhz Limit: 2301
Processor Information for processor 2
  Max Mhz: 2301, Current Mhz: 1904, Mhz Limit: 2301
Processor Information for processor 3
  Max Mhz: 2301, Current Mhz: 1798, Mhz Limit: 2301
Processor Information for processor 4
  Max Mhz: 2301, Current Mhz: 1904, Mhz Limit: 2301
Processor Information for processor 5
  Max Mhz: 2301, Current Mhz: 1798, Mhz Limit: 2301
Processor Information for processor 6
  Max Mhz: 2301, Current Mhz: 1798, Mhz Limit: 2301
Processor Information for processor 7
  Max Mhz: 2301, Current Mhz: 1798, Mhz Limit: 2301
Processor Information for processor 8
  Max Mhz: 2301, Current Mhz: 1798, Mhz Limit: 2301
Processor Information for processor 9
  Max Mhz: 2301, Current Mhz: 1798, Mhz Limit: 2301
Processor Information for processor 10
  Max Mhz: 2301, Current Mhz: 1904, Mhz Limit: 2301
Processor Information for processor 11
  Max Mhz: 2301, Current Mhz: 1798, Mhz Limit: 2301

Memory: 4k page, system-wide physical 7520M (624M free)
TotalPageFile size 17015M (AvailPageFile size 7M)
current process WorkingSet (physical memory assigned to process): 13M, peak: 13M
current process commit charge ("private bytes"): 182M, peak: 184M

vm_info: OpenJDK 64-Bit Server VM (21.0.8+9-LTS) for windows-amd64 JRE (21.0.8+9-LTS), built on 2025-07-15T00:00:00Z by "admin" with MS VC++ 17.7 (VS2022)

END.
