00:40:57.402 [main] INFO  testCases.TC001_AccountRegistrationTest - **** Stating TC001_AccountRegistrationTest ****
00:40:57.607 [main] INFO  testCases.TC001_AccountRegistrationTest -  Clicked on MyAccount Link 
00:40:58.104 [main] INFO  testCases.TC001_AccountRegistrationTest -  Clicked on Register Link 
00:40:58.110 [main] INFO  testCases.TC001_AccountRegistrationTest -  Providing customer detials 
00:40:59.164 [main] INFO  testCases.TC001_AccountRegistrationTest -  Validating expected message 
00:41:52.440 [main] INFO  testCases.TC001_AccountRegistrationTest - **** Stating TC001_AccountRegistrationTest ****
00:41:52.625 [main] INFO  testCases.TC001_AccountRegistrationTest -  Clicked on MyAccount Link 
00:41:53.070 [main] INFO  testCases.TC001_AccountRegistrationTest -  Clicked on Register Link 
00:41:53.074 [main] INFO  testCases.TC001_AccountRegistrationTest -  Providing customer detials 
00:41:56.106 [main] INFO  testCases.TC001_AccountRegistrationTest -  Validating expected message 
00:44:35.497 [main] INFO  testCases.TC001_AccountRegistrationTest - **** Stating TC001_AccountRegistrationTest ****
00:44:35.683 [main] INFO  testCases.TC001_AccountRegistrationTest -  Clicked on MyAccount Link 
00:44:36.165 [main] INFO  testCases.TC001_AccountRegistrationTest -  Clicked on Register Link 
00:44:36.169 [main] INFO  testCases.TC001_AccountRegistrationTest -  Providing customer detials 
00:44:38.682 [main] INFO  testCases.TC001_AccountRegistrationTest -  Validating expected message 
14:00:50.018 [main] INFO  testCases.TC001_AccountRegistrationTest - **** Stating TC001_AccountRegistrationTest ****
14:00:50.192 [main] INFO  testCases.TC001_AccountRegistrationTest -  Clicked on MyAccount Link 
14:00:50.871 [main] INFO  testCases.TC001_AccountRegistrationTest -  Clicked on Register Link 
14:00:50.873 [main] INFO  testCases.TC001_AccountRegistrationTest -  Providing customer detials 
14:00:55.649 [main] INFO  testCases.TC001_AccountRegistrationTest -  Validating expected message 
14:00:55.688 [main] INFO  testCases.TC001_AccountRegistrationTest - ****Finished TC001_AccountRegistrationTest****
14:03:56.069 [main] INFO  testCases.TC001_AccountRegistrationTest - **** Stating TC001_AccountRegistrationTest ****
14:03:56.258 [main] INFO  testCases.TC001_AccountRegistrationTest -  Clicked on MyAccount Link 
14:03:56.754 [main] INFO  testCases.TC001_AccountRegistrationTest -  Clicked on Register Link 
14:03:56.754 [main] INFO  testCases.TC001_AccountRegistrationTest -  Providing customer detials 
14:03:59.341 [main] INFO  testCases.TC001_AccountRegistrationTest -  Validating expected message 
14:03:59.385 [main] INFO  testCases.TC001_AccountRegistrationTest - ****Finished TC001_AccountRegistrationTest****
14:05:23.285 [main] INFO  testCases.TC001_AccountRegistrationTest - **** Stating TC001_AccountRegistrationTest ****
14:05:23.449 [main] INFO  testCases.TC001_AccountRegistrationTest -  Clicked on MyAccount Link 
14:05:23.957 [main] INFO  testCases.TC001_AccountRegistrationTest -  Clicked on Register Link 
14:05:23.961 [main] INFO  testCases.TC001_AccountRegistrationTest -  Providing customer detials 
14:05:26.511 [main] INFO  testCases.TC001_AccountRegistrationTest -  Validating expected message 
14:05:26.553 [main] INFO  testCases.TC001_AccountRegistrationTest - ****Finished TC001_AccountRegistrationTest****
14:09:21.094 [main] INFO  testCases.TC001_AccountRegistrationTest - **** Stating TC001_AccountRegistrationTest ****
14:09:21.238 [main] INFO  testCases.TC001_AccountRegistrationTest -  Clicked on MyAccount Link 
14:09:21.836 [main] INFO  testCases.TC001_AccountRegistrationTest -  Clicked on Register Link 
14:09:21.838 [main] INFO  testCases.TC001_AccountRegistrationTest -  Providing customer detials 
14:09:24.610 [main] INFO  testCases.TC001_AccountRegistrationTest -  Validating expected message 
14:09:24.660 [main] INFO  testCases.TC001_AccountRegistrationTest - ****Finished TC001_AccountRegistrationTest****
